
COMPILATION ERROR

CORREÇÃO AUTOMÁTICA
Quantidade de Testes | Veredito
0 | OK
0 | Erro de Montagem (o grafo dessa query não pode ser montado)
0 | Tempo de Execução Excedido
0 | Resposta Errada
0 | Erro de Execução
Existem 26 testes, se a soma não der 26 quer dizer que houve alguma falha especial em algum teste que não foi identificada pelo corretor

make: '/home/bcc/victorsenam/private/usp/monitoria/mac323/4-2-33/tester/checker/checker' is up to date.
WordDAG.java:167: error: reached end of file while parsing
}
 ^
1 error
Second Compile Method
WordDAG.java:167: error: reached end of file while parsing
}
 ^
1 error
